Arguments: 
  /Users/birendrakumar/.nvm/versions/node/v10.16.3/bin/node /usr/local/Cellar/yarn/1.22.4/libexec/bin/yarn.js add -D @babel-cli

PATH: 
  /Users/birendrakumar/.nvm/versions/node/v10.16.3/bin:/usr/local/bin:/usr/bin:/bin:/usr/sbin:/sbin:/usr/local/MacGPG2/bin:/Users/birendrakumar/Downloads/apache-maven-3.6.2/bin

Yarn version: 
  1.22.4

Node version: 
  10.16.3

Platform: 
  darwin x64

Trace: 
  Error: https://artifacts.apple.com/api/npm/npm-private/@babel-cli: not_found
      at Request.params.callback [as _callback] (/usr/local/Cellar/yarn/1.22.4/libexec/lib/cli.js:66987:18)
      at Request.self.callback (/usr/local/Cellar/yarn/1.22.4/libexec/lib/cli.js:140748:22)
      at Request.emit (events.js:198:13)
      at Request.<anonymous> (/usr/local/Cellar/yarn/1.22.4/libexec/lib/cli.js:141720:10)
      at Request.emit (events.js:198:13)
      at Gunzip.<anonymous> (/usr/local/Cellar/yarn/1.22.4/libexec/lib/cli.js:141642:12)
      at Object.onceWrapper (events.js:286:20)
      at Gunzip.emit (events.js:203:15)
      at endReadableNT (_stream_readable.js:1145:12)
      at process._tickCallback (internal/process/next_tick.js:63:19)

npm manifest: 
  {
    "name": "react-tableau-embed",
    "version": "1.0.0",
    "description": "Tableau report embed with react",
    "main": "index.js",
    "author": "Birendra Kumar <birendra12sep@gmail.com>",
    "license": "MIT",
    "private": false,
    "files": [
      "dist/"
    ],
    "scripts": {
      "test": "echo \"No test specified\"",
      "build": "rimraf dist/ && babel src/ --out-dir dist",
      "prepublish": "npm run build"
    },
    "repository": {
      "type": "git",
      "url": "git+https://birendra90@github.com/birendra90/react-tableau-embed.git"
    },
    "keywords": [
      "tableau",
      "react",
      "jsx"
    ],
    "dependencies": {
      "prop-types": "^15.7.2",
      "react": "^16.13.1",
      "react-dom": "^16.13.1"
    },
    "devDependencies": {
      "@babel/core": "^7.9.6",
      "@babel/preset-env": "^7.9.6",
      "@babel/preset-react": "^7.9.4",
      "babel-loader": "^8.1.0"
    }
  }

yarn manifest: 
  No manifest

Lockfile: 
  # THIS IS AN AUTOGENERATED FILE. DO NOT EDIT THIS FILE DIRECTLY.
  # yarn lockfile v1
  
  
  "@babel/code-frame@^7.8.3":
    version "7.8.3"
    resolved "https://artifacts.apple.com/api/npm/npm-private/@babel/code-frame/-/code-frame-7.8.3.tgz#33e25903d7481181534e12ec0a25f16b6fcf419e"
    integrity sha1-M+JZA9dIEYFTThLsCiXxa2/PQZ4=
    dependencies:
      "@babel/highlight" "^7.8.3"
  
  "@babel/compat-data@^7.9.6":
    version "7.9.6"
    resolved "https://artifacts.apple.com/api/npm/npm-private/@babel/compat-data/-/compat-data-7.9.6.tgz#3f604c40e420131affe6f2c8052e9a275ae2049b"
    integrity sha1-P2BMQOQgExr/5vLIBS6aJ1riBJs=
    dependencies:
      browserslist "^4.11.1"
      invariant "^2.2.4"
      semver "^5.5.0"
  
  "@babel/core@^7.9.6":
    version "7.9.6"
    resolved "https://artifacts.apple.com/api/npm/npm-private/@babel/core/-/core-7.9.6.tgz#d9aa1f580abf3b2286ef40b6904d390904c63376"
    integrity sha1-2aofWAq/OyKG70C2kE05CQTGM3Y=
    dependencies:
      "@babel/code-frame" "^7.8.3"
      "@babel/generator" "^7.9.6"
      "@babel/helper-module-transforms" "^7.9.0"
      "@babel/helpers" "^7.9.6"
      "@babel/parser" "^7.9.6"
      "@babel/template" "^7.8.6"
      "@babel/traverse" "^7.9.6"
      "@babel/types" "^7.9.6"
      convert-source-map "^1.7.0"
      debug "^4.1.0"
      gensync "^1.0.0-beta.1"
      json5 "^2.1.2"
      lodash "^4.17.13"
      resolve "^1.3.2"
      semver "^5.4.1"
      source-map "^0.5.0"
  
  "@babel/generator@^7.9.6":
    version "7.9.6"
    resolved "https://artifacts.apple.com/api/npm/npm-private/@babel/generator/-/generator-7.9.6.tgz#5408c82ac5de98cda0d77d8124e99fa1f2170a43"
    integrity sha1-VAjIKsXemM2g132BJOmfofIXCkM=
    dependencies:
      "@babel/types" "^7.9.6"
      jsesc "^2.5.1"
      lodash "^4.17.13"
      source-map "^0.5.0"
  
  "@babel/helper-annotate-as-pure@^7.8.3":
    version "7.8.3"
    resolved "https://artifacts.apple.com/api/npm/npm-private/@babel/helper-annotate-as-pure/-/helper-annotate-as-pure-7.8.3.tgz#60bc0bc657f63a0924ff9a4b4a0b24a13cf4deee"
    integrity sha1-YLwLxlf2Ogkk/5pLSgskoTz03u4=
    dependencies:
      "@babel/types" "^7.8.3"
  
  "@babel/helper-builder-binary-assignment-operator-visitor@^7.8.3":
    version "7.8.3"
    resolved "https://artifacts.apple.com/api/npm/npm-private/@babel/helper-builder-binary-assignment-operator-visitor/-/helper-builder-binary-assignment-operator-visitor-7.8.3.tgz#c84097a427a061ac56a1c30ebf54b7b22d241503"
    integrity sha1-yECXpCegYaxWocMOv1S3si0kFQM=
    dependencies:
      "@babel/helper-explode-assignable-expression" "^7.8.3"
      "@babel/types" "^7.8.3"
  
  "@babel/helper-builder-react-jsx-experimental@^7.9.0":
    version "7.9.5"
    resolved "https://artifacts.apple.com/api/npm/npm-private/@babel/helper-builder-react-jsx-experimental/-/helper-builder-react-jsx-experimental-7.9.5.tgz#0b4b3e04e6123f03b404ca4dfd6528fe6bb92fe3"
    integrity sha1-C0s+BOYSPwO0BMpN/WUo/mu5L+M=
    dependencies:
      "@babel/helper-annotate-as-pure" "^7.8.3"
      "@babel/helper-module-imports" "^7.8.3"
      "@babel/types" "^7.9.5"
  
  "@babel/helper-builder-react-jsx@^7.9.0":
    version "7.9.0"
    resolved "https://artifacts.apple.com/api/npm/npm-private/@babel/helper-builder-react-jsx/-/helper-builder-react-jsx-7.9.0.tgz#16bf391990b57732700a3278d4d9a81231ea8d32"
    integrity sha1-Fr85GZC1dzJwCjJ41NmoEjHqjTI=
    dependencies:
      "@babel/helper-annotate-as-pure" "^7.8.3"
      "@babel/types" "^7.9.0"
  
  "@babel/helper-compilation-targets@^7.9.6":
    version "7.9.6"
    resolved "https://artifacts.apple.com/api/npm/npm-private/@babel/helper-compilation-targets/-/helper-compilation-targets-7.9.6.tgz#1e05b7ccc9d38d2f8b40b458b380a04dcfadd38a"
    integrity sha1-HgW3zMnTjS+LQLRYs4CgTc+t04o=
    dependencies:
      "@babel/compat-data" "^7.9.6"
      browserslist "^4.11.1"
      invariant "^2.2.4"
      levenary "^1.1.1"
      semver "^5.5.0"
  
  "@babel/helper-create-regexp-features-plugin@^7.8.3", "@babel/helper-create-regexp-features-plugin@^7.8.8":
    version "7.8.8"
    resolved "https://artifacts.apple.com/api/npm/npm-private/@babel/helper-create-regexp-features-plugin/-/helper-create-regexp-features-plugin-7.8.8.tgz#5d84180b588f560b7864efaeea89243e58312087"
    integrity sha1-XYQYC1iPVgt4ZO+u6okkPlgxIIc=
    dependencies:
      "@babel/helper-annotate-as-pure" "^7.8.3"
      "@babel/helper-regex" "^7.8.3"
      regexpu-core "^4.7.0"
  
  "@babel/helper-define-map@^7.8.3":
    version "7.8.3"
    resolved "https://artifacts.apple.com/api/npm/npm-private/@babel/helper-define-map/-/helper-define-map-7.8.3.tgz#a0655cad5451c3760b726eba875f1cd8faa02c15"
    integrity sha1-oGVcrVRRw3YLcm66h18c2PqgLBU=
    dependencies:
      "@babel/helper-function-name" "^7.8.3"
      "@babel/types" "^7.8.3"
      lodash "^4.17.13"
  
  "@babel/helper-explode-assignable-expression@^7.8.3":
    version "7.8.3"
    resolved "https://artifacts.apple.com/api/npm/npm-private/@babel/helper-explode-assignable-expression/-/helper-explode-assignable-expression-7.8.3.tgz#a728dc5b4e89e30fc2dfc7d04fa28a930653f982"
    integrity sha1-pyjcW06J4w/C38fQT6KKkwZT+YI=
    dependencies:
      "@babel/traverse" "^7.8.3"
      "@babel/types" "^7.8.3"
  
  "@babel/helper-function-name@^7.8.3", "@babel/helper-function-name@^7.9.5":
    version "7.9.5"
    resolved "https://artifacts.apple.com/api/npm/npm-private/@babel/helper-function-name/-/helper-function-name-7.9.5.tgz#2b53820d35275120e1874a82e5aabe1376920a5c"
    integrity sha1-K1OCDTUnUSDhh0qC5aq+E3aSClw=
    dependencies:
      "@babel/helper-get-function-arity" "^7.8.3"
      "@babel/template" "^7.8.3"
      "@babel/types" "^7.9.5"
  
  "@babel/helper-get-function-arity@^7.8.3":
    version "7.8.3"
    resolved "https://artifacts.apple.com/api/npm/npm-private/@babel/helper-get-function-arity/-/helper-get-function-arity-7.8.3.tgz#b894b947bd004381ce63ea1db9f08547e920abd5"
    integrity sha1-uJS5R70AQ4HOY+odufCFR+kgq9U=
    dependencies:
      "@babel/types" "^7.8.3"
  
  "@babel/helper-hoist-variables@^7.8.3":
    version "7.8.3"
    resolved "https://artifacts.apple.com/api/npm/npm-private/@babel/helper-hoist-variables/-/helper-hoist-variables-7.8.3.tgz#1dbe9b6b55d78c9b4183fc8cdc6e30ceb83b7134"
    integrity sha1-Hb6ba1XXjJtBg/yM3G4wzrg7cTQ=
    dependencies:
      "@babel/types" "^7.8.3"
  
  "@babel/helper-member-expression-to-functions@^7.8.3":
    version "7.8.3"
    resolved "https://artifacts.apple.com/api/npm/npm-private/@babel/helper-member-expression-to-functions/-/helper-member-expression-to-functions-7.8.3.tgz#659b710498ea6c1d9907e0c73f206eee7dadc24c"
    integrity sha1-ZZtxBJjqbB2ZB+DHPyBu7n2twkw=
    dependencies:
      "@babel/types" "^7.8.3"
  
  "@babel/helper-module-imports@^7.8.3":
    version "7.8.3"
    resolved "https://artifacts.apple.com/api/npm/npm-private/@babel/helper-module-imports/-/helper-module-imports-7.8.3.tgz#7fe39589b39c016331b6b8c3f441e8f0b1419498"
    integrity sha1-f+OVibOcAWMxtrjD9EHo8LFBlJg=
    dependencies:
      "@babel/types" "^7.8.3"
  
  "@babel/helper-module-transforms@^7.9.0":
    version "7.9.0"
    resolved "https://artifacts.apple.com/api/npm/npm-private/@babel/helper-module-transforms/-/helper-module-transforms-7.9.0.tgz#43b34dfe15961918707d247327431388e9fe96e5"
    integrity sha1-Q7NN/hWWGRhwfSRzJ0MTiOn+luU=
    dependencies:
      "@babel/helper-module-imports" "^7.8.3"
      "@babel/helper-replace-supers" "^7.8.6"
      "@babel/helper-simple-access" "^7.8.3"
      "@babel/helper-split-export-declaration" "^7.8.3"
      "@babel/template" "^7.8.6"
      "@babel/types" "^7.9.0"
      lodash "^4.17.13"
  
  "@babel/helper-optimise-call-expression@^7.8.3":
    version "7.8.3"
    resolved "https://artifacts.apple.com/api/npm/npm-private/@babel/helper-optimise-call-expression/-/helper-optimise-call-expression-7.8.3.tgz#7ed071813d09c75298ef4f208956006b6111ecb9"
    integrity sha1-ftBxgT0Jx1KY708giVYAa2ER7Lk=
    dependencies:
      "@babel/types" "^7.8.3"
  
  "@babel/helper-plugin-utils@^7.0.0", "@babel/helper-plugin-utils@^7.8.0", "@babel/helper-plugin-utils@^7.8.3":
    version "7.8.3"
    resolved "https://artifacts.apple.com/api/npm/npm-private/@babel/helper-plugin-utils/-/helper-plugin-utils-7.8.3.tgz#9ea293be19babc0f52ff8ca88b34c3611b208670"
    integrity sha1-nqKTvhm6vA9S/4yoizTDYRsghnA=
  
  "@babel/helper-regex@^7.8.3":
    version "7.8.3"
    resolved "https://artifacts.apple.com/api/npm/npm-private/@babel/helper-regex/-/helper-regex-7.8.3.tgz#139772607d51b93f23effe72105b319d2a4c6965"
    integrity sha1-E5dyYH1RuT8j7/5yEFsxnSpMaWU=
    dependencies:
      lodash "^4.17.13"
  
  "@babel/helper-remap-async-to-generator@^7.8.3":
    version "7.8.3"
    resolved "https://artifacts.apple.com/api/npm/npm-private/@babel/helper-remap-async-to-generator/-/helper-remap-async-to-generator-7.8.3.tgz#273c600d8b9bf5006142c1e35887d555c12edd86"
    integrity sha1-JzxgDYub9QBhQsHjWIfVVcEu3YY=
    dependencies:
      "@babel/helper-annotate-as-pure" "^7.8.3"
      "@babel/helper-wrap-function" "^7.8.3"
      "@babel/template" "^7.8.3"
      "@babel/traverse" "^7.8.3"
      "@babel/types" "^7.8.3"
  
  "@babel/helper-replace-supers@^7.8.3", "@babel/helper-replace-supers@^7.8.6":
    version "7.9.6"
    resolved "https://artifacts.apple.com/api/npm/npm-private/@babel/helper-replace-supers/-/helper-replace-supers-7.9.6.tgz#03149d7e6a5586ab6764996cd31d6981a17e1444"
    integrity sha1-AxSdfmpVhqtnZJls0x1pgaF+FEQ=
    dependencies:
      "@babel/helper-member-expression-to-functions" "^7.8.3"
      "@babel/helper-optimise-call-expression" "^7.8.3"
      "@babel/traverse" "^7.9.6"
      "@babel/types" "^7.9.6"
  
  "@babel/helper-simple-access@^7.8.3":
    version "7.8.3"
    resolved "https://artifacts.apple.com/api/npm/npm-private/@babel/helper-simple-access/-/helper-simple-access-7.8.3.tgz#7f8109928b4dab4654076986af575231deb639ae"
    integrity sha1-f4EJkotNq0ZUB2mGr1dSMd62Oa4=
    dependencies:
      "@babel/template" "^7.8.3"
      "@babel/types" "^7.8.3"
  
  "@babel/helper-split-export-declaration@^7.8.3":
    version "7.8.3"
    resolved "https://artifacts.apple.com/api/npm/npm-private/@babel/helper-split-export-declaration/-/helper-split-export-declaration-7.8.3.tgz#31a9f30070f91368a7182cf05f831781065fc7a9"
    integrity sha1-ManzAHD5E2inGCzwX4MXgQZfx6k=
    dependencies:
      "@babel/types" "^7.8.3"
  
  "@babel/helper-validator-identifier@^7.9.0", "@babel/helper-validator-identifier@^7.9.5":
    version "7.9.5"
    resolved "https://artifacts.apple.com/api/npm/npm-private/@babel/helper-validator-identifier/-/helper-validator-identifier-7.9.5.tgz#90977a8e6fbf6b431a7dc31752eee233bf052d80"
    integrity sha1-kJd6jm+/a0MafcMXUu7iM78FLYA=
  
  "@babel/helper-wrap-function@^7.8.3":
    version "7.8.3"
    resolved "https://artifacts.apple.com/api/npm/npm-private/@babel/helper-wrap-function/-/helper-wrap-function-7.8.3.tgz#9dbdb2bb55ef14aaa01fe8c99b629bd5352d8610"
    integrity sha1-nb2yu1XvFKqgH+jJm2Kb1TUthhA=
    dependencies:
      "@babel/helper-function-name" "^7.8.3"
      "@babel/template" "^7.8.3"
      "@babel/traverse" "^7.8.3"
      "@babel/types" "^7.8.3"
  
  "@babel/helpers@^7.9.6":
    version "7.9.6"
    resolved "https://artifacts.apple.com/api/npm/npm-private/@babel/helpers/-/helpers-7.9.6.tgz#092c774743471d0bb6c7de3ad465ab3d3486d580"
    integrity sha1-CSx3R0NHHQu2x9461GWrPTSG1YA=
    dependencies:
      "@babel/template" "^7.8.3"
      "@babel/traverse" "^7.9.6"
      "@babel/types" "^7.9.6"
  
  "@babel/highlight@^7.8.3":
    version "7.9.0"
    resolved "https://artifacts.apple.com/api/npm/npm-private/@babel/highlight/-/highlight-7.9.0.tgz#4e9b45ccb82b79607271b2979ad82c7b68163079"
    integrity sha1-TptFzLgreWBycbKXmtgse2gWMHk=
    dependencies:
      "@babel/helper-validator-identifier" "^7.9.0"
      chalk "^2.0.0"
      js-tokens "^4.0.0"
  
  "@babel/parser@^7.8.6", "@babel/parser@^7.9.6":
    version "7.9.6"
    resolved "https://artifacts.apple.com/api/npm/npm-private/@babel/parser/-/parser-7.9.6.tgz#3b1bbb30dabe600cd72db58720998376ff653bc7"
    integrity sha1-Oxu7MNq+YAzXLbWHIJmDdv9lO8c=
  
  "@babel/plugin-proposal-async-generator-functions@^7.8.3":
    version "7.8.3"
    resolved "https://artifacts.apple.com/api/npm/npm-private/@babel/plugin-proposal-async-generator-functions/-/plugin-proposal-async-generator-functions-7.8.3.tgz#bad329c670b382589721b27540c7d288601c6e6f"
    integrity sha1-utMpxnCzgliXIbJ1QMfSiGAcbm8=
    dependencies:
      "@babel/helper-plugin-utils" "^7.8.3"
      "@babel/helper-remap-async-to-generator" "^7.8.3"
      "@babel/plugin-syntax-async-generators" "^7.8.0"
  
  "@babel/plugin-proposal-dynamic-import@^7.8.3":
    version "7.8.3"
    resolved "https://artifacts.apple.com/api/npm/npm-private/@babel/plugin-proposal-dynamic-import/-/plugin-proposal-dynamic-import-7.8.3.tgz#38c4fe555744826e97e2ae930b0fb4cc07e66054"
    integrity sha1-OMT+VVdEgm6X4q6TCw+0zAfmYFQ=
    dependencies:
      "@babel/helper-plugin-utils" "^7.8.3"
      "@babel/plugin-syntax-dynamic-import" "^7.8.0"
  
  "@babel/plugin-proposal-json-strings@^7.8.3":
    version "7.8.3"
    resolved "https://artifacts.apple.com/api/npm/npm-private/@babel/plugin-proposal-json-strings/-/plugin-proposal-json-strings-7.8.3.tgz#da5216b238a98b58a1e05d6852104b10f9a70d6b"
    integrity sha1-2lIWsjipi1ih4F1oUhBLEPmnDWs=
    dependencies:
      "@babel/helper-plugin-utils" "^7.8.3"
      "@babel/plugin-syntax-json-strings" "^7.8.0"
  
  "@babel/plugin-proposal-nullish-coalescing-operator@^7.8.3":
    version "7.8.3"
    resolved "https://artifacts.apple.com/api/npm/npm-private/@babel/plugin-proposal-nullish-coalescing-operator/-/plugin-proposal-nullish-coalescing-operator-7.8.3.tgz#e4572253fdeed65cddeecfdab3f928afeb2fd5d2"
    integrity sha1-5FciU/3u1lzd7s/as/kor+sv1dI=
    dependencies:
      "@babel/helper-plugin-utils" "^7.8.3"
      "@babel/plugin-syntax-nullish-coalescing-operator" "^7.8.0"
  
  "@babel/plugin-proposal-numeric-separator@^7.8.3":
    version "7.8.3"
    resolved "https://artifacts.apple.com/api/npm/npm-private/@babel/plugin-proposal-numeric-separator/-/plugin-proposal-numeric-separator-7.8.3.tgz#5d6769409699ec9b3b68684cd8116cedff93bad8"
    integrity sha1-XWdpQJaZ7Js7aGhM2BFs7f+Tutg=
    dependencies:
      "@babel/helper-plugin-utils" "^7.8.3"
      "@babel/plugin-syntax-numeric-separator" "^7.8.3"
  
  "@babel/plugin-proposal-object-rest-spread@^7.9.6":
    version "7.9.6"
    resolved "https://artifacts.apple.com/api/npm/npm-private/@babel/plugin-proposal-object-rest-spread/-/plugin-proposal-object-rest-spread-7.9.6.tgz#7a093586fcb18b08266eb1a7177da671ac575b63"
    integrity sha1-egk1hvyxiwgmbrGnF32mcaxXW2M=
    dependencies:
      "@babel/helper-plugin-utils" "^7.8.3"
      "@babel/plugin-syntax-object-rest-spread" "^7.8.0"
      "@babel/plugin-transform-parameters" "^7.9.5"
  
  "@babel/plugin-proposal-optional-catch-binding@^7.8.3":
    version "7.8.3"
    resolved "https://artifacts.apple.com/api/npm/npm-private/@babel/plugin-proposal-optional-catch-binding/-/plugin-proposal-optional-catch-binding-7.8.3.tgz#9dee96ab1650eed88646ae9734ca167ac4a9c5c9"
    integrity sha1-ne6WqxZQ7tiGRq6XNMoWesSpxck=
    dependencies:
      "@babel/helper-plugin-utils" "^7.8.3"
      "@babel/plugin-syntax-optional-catch-binding" "^7.8.0"
  
  "@babel/plugin-proposal-optional-chaining@^7.9.0":
    version "7.9.0"
    resolved "https://artifacts.apple.com/api/npm/npm-private/@babel/plugin-proposal-optional-chaining/-/plugin-proposal-optional-chaining-7.9.0.tgz#31db16b154c39d6b8a645292472b98394c292a58"
    integrity sha1-MdsWsVTDnWuKZFKSRyuYOUwpKlg=
    dependencies:
      "@babel/helper-plugin-utils" "^7.8.3"
      "@babel/plugin-syntax-optional-chaining" "^7.8.0"
  
  "@babel/plugin-proposal-unicode-property-regex@^7.4.4", "@babel/plugin-proposal-unicode-property-regex@^7.8.3":
    version "7.8.8"
    resolved "https://artifacts.apple.com/api/npm/npm-private/@babel/plugin-proposal-unicode-property-regex/-/plugin-proposal-unicode-property-regex-7.8.8.tgz#ee3a95e90cdc04fe8cd92ec3279fa017d68a0d1d"
    integrity sha1-7jqV6QzcBP6M2S7DJ5+gF9aKDR0=
    dependencies:
      "@babel/helper-create-regexp-features-plugin" "^7.8.8"
      "@babel/helper-plugin-utils" "^7.8.3"
  
  "@babel/plugin-syntax-async-generators@^7.8.0":
    version "7.8.4"
    resolved "https://artifacts.apple.com/api/npm/npm-private/@babel/plugin-syntax-async-generators/-/plugin-syntax-async-generators-7.8.4.tgz#a983fb1aeb2ec3f6ed042a210f640e90e786fe0d"
    integrity sha1-qYP7Gusuw/btBCohD2QOkOeG/g0=
    dependencies:
      "@babel/helper-plugin-utils" "^7.8.0"
  
  "@babel/plugin-syntax-dynamic-import@^7.8.0":
    version "7.8.3"
    resolved "https://artifacts.apple.com/api/npm/npm-private/@babel/plugin-syntax-dynamic-import/-/plugin-syntax-dynamic-import-7.8.3.tgz#62bf98b2da3cd21d626154fc96ee5b3cb68eacb3"
    integrity sha1-Yr+Ysto80h1iYVT8lu5bPLaOrLM=
    dependencies:
      "@babel/helper-plugin-utils" "^7.8.0"
  
  "@babel/plugin-syntax-json-strings@^7.8.0":
    version "7.8.3"
    resolved "https://artifacts.apple.com/api/npm/npm-private/@babel/plugin-syntax-json-strings/-/plugin-syntax-json-strings-7.8.3.tgz#01ca21b668cd8218c9e640cb6dd88c5412b2c96a"
    integrity sha1-AcohtmjNghjJ5kDLbdiMVBKyyWo=
    dependencies:
      "@babel/helper-plugin-utils" "^7.8.0"
  
  "@babel/plugin-syntax-jsx@^7.8.3":
    version "7.8.3"
    resolved "https://artifacts.apple.com/api/npm/npm-private/@babel/plugin-syntax-jsx/-/plugin-syntax-jsx-7.8.3.tgz#521b06c83c40480f1e58b4fd33b92eceb1d6ea94"
    integrity sha1-UhsGyDxASA8eWLT9M7kuzrHW6pQ=
    dependencies:
      "@babel/helper-plugin-utils" "^7.8.3"
  
  "@babel/plugin-syntax-nullish-coalescing-operator@^7.8.0":
    version "7.8.3"
    resolved "https://artifacts.apple.com/api/npm/npm-private/@babel/plugin-syntax-nullish-coalescing-operator/-/plugin-syntax-nullish-coalescing-operator-7.8.3.tgz#167ed70368886081f74b5c36c65a88c03b66d1a9"
    integrity sha1-Fn7XA2iIYIH3S1w2xlqIwDtm0ak=
    dependencies:
      "@babel/helper-plugin-utils" "^7.8.0"
  
  "@babel/plugin-syntax-numeric-separator@^7.8.0", "@babel/plugin-syntax-numeric-separator@^7.8.3":
    version "7.8.3"
    resolved "https://artifacts.apple.com/api/npm/npm-private/@babel/plugin-syntax-numeric-separator/-/plugin-syntax-numeric-separator-7.8.3.tgz#0e3fb63e09bea1b11e96467271c8308007e7c41f"
    integrity sha1-Dj+2Pgm+obEelkZyccgwgAfnxB8=
    dependencies:
      "@babel/helper-plugin-utils" "^7.8.3"
  
  "@babel/plugin-syntax-object-rest-spread@^7.8.0":
    version "7.8.3"
    resolved "https://artifacts.apple.com/api/npm/npm-private/@babel/plugin-syntax-object-rest-spread/-/plugin-syntax-object-rest-spread-7.8.3.tgz#60e225edcbd98a640332a2e72dd3e66f1af55871"
    integrity sha1-YOIl7cvZimQDMqLnLdPmbxr1WHE=
    dependencies:
      "@babel/helper-plugin-utils" "^7.8.0"
  
  "@babel/plugin-syntax-optional-catch-binding@^7.8.0":
    version "7.8.3"
    resolved "https://artifacts.apple.com/api/npm/npm-private/@babel/plugin-syntax-optional-catch-binding/-/plugin-syntax-optional-catch-binding-7.8.3.tgz#6111a265bcfb020eb9efd0fdfd7d26402b9ed6c1"
    integrity sha1-YRGiZbz7Ag6579D9/X0mQCue1sE=
    dependencies:
      "@babel/helper-plugin-utils" "^7.8.0"
  
  "@babel/plugin-syntax-optional-chaining@^7.8.0":
    version "7.8.3"
    resolved "https://artifacts.apple.com/api/npm/npm-private/@babel/plugin-syntax-optional-chaining/-/plugin-syntax-optional-chaining-7.8.3.tgz#4f69c2ab95167e0180cd5336613f8c5788f7d48a"
    integrity sha1-T2nCq5UWfgGAzVM2YT+MV4j31Io=
    dependencies:
      "@babel/helper-plugin-utils" "^7.8.0"
  
  "@babel/plugin-syntax-top-level-await@^7.8.3":
    version "7.8.3"
    resolved "https://artifacts.apple.com/api/npm/npm-private/@babel/plugin-syntax-top-level-await/-/plugin-syntax-top-level-await-7.8.3.tgz#3acdece695e6b13aaf57fc291d1a800950c71391"
    integrity sha1-Os3s5pXmsTqvV/wpHRqACVDHE5E=
    dependencies:
      "@babel/helper-plugin-utils" "^7.8.3"
  
  "@babel/plugin-transform-arrow-functions@^7.8.3":
    version "7.8.3"
    resolved "https://artifacts.apple.com/api/npm/npm-private/@babel/plugin-transform-arrow-functions/-/plugin-transform-arrow-functions-7.8.3.tgz#82776c2ed0cd9e1a49956daeb896024c9473b8b6"
    integrity sha1-gndsLtDNnhpJlW2uuJYCTJRzuLY=
    dependencies:
      "@babel/helper-plugin-utils" "^7.8.3"
  
  "@babel/plugin-transform-async-to-generator@^7.8.3":
    version "7.8.3"
    resolved "https://artifacts.apple.com/api/npm/npm-private/@babel/plugin-transform-async-to-generator/-/plugin-transform-async-to-generator-7.8.3.tgz#4308fad0d9409d71eafb9b1a6ee35f9d64b64086"
    integrity sha1-Qwj60NlAnXHq+5sabuNfnWS2QIY=
    dependencies:
      "@babel/helper-module-imports" "^7.8.3"
      "@babel/helper-plugin-utils" "^7.8.3"
      "@babel/helper-remap-async-to-generator" "^7.8.3"
  
  "@babel/plugin-transform-block-scoped-functions@^7.8.3":
    version "7.8.3"
    resolved "https://artifacts.apple.com/api/npm/npm-private/@babel/plugin-transform-block-scoped-functions/-/plugin-transform-block-scoped-functions-7.8.3.tgz#437eec5b799b5852072084b3ae5ef66e8349e8a3"
    integrity sha1-Q37sW3mbWFIHIISzrl72boNJ6KM=
    dependencies:
      "@babel/helper-plugin-utils" "^7.8.3"
  
  "@babel/plugin-transform-block-scoping@^7.8.3":
    version "7.8.3"
    resolved "https://artifacts.apple.com/api/npm/npm-private/@babel/plugin-transform-block-scoping/-/plugin-transform-block-scoping-7.8.3.tgz#97d35dab66857a437c166358b91d09050c868f3a"
    integrity sha1-l9Ndq2aFekN8FmNYuR0JBQyGjzo=
    dependencies:
      "@babel/helper-plugin-utils" "^7.8.3"
      lodash "^4.17.13"
  
  "@babel/plugin-transform-classes@^7.9.5":
    version "7.9.5"
    resolved "https://artifacts.apple.com/api/npm/npm-private/@babel/plugin-transform-classes/-/plugin-transform-classes-7.9.5.tgz#800597ddb8aefc2c293ed27459c1fcc935a26c2c"
    integrity sha1-gAWX3biu/CwpPtJ0WcH8yTWibCw=
    dependencies:
      "@babel/helper-annotate-as-pure" "^7.8.3"
      "@babel/helper-define-map" "^7.8.3"
      "@babel/helper-function-name" "^7.9.5"
      "@babel/helper-optimise-call-expression" "^7.8.3"
      "@babel/helper-plugin-utils" "^7.8.3"
      "@babel/helper-replace-supers" "^7.8.6"
      "@babel/helper-split-export-declaration" "^7.8.3"
      globals "^11.1.0"
  
  "@babel/plugin-transform-computed-properties@^7.8.3":
    version "7.8.3"
    resolved "https://artifacts.apple.com/api/npm/npm-private/@babel/plugin-transform-computed-properties/-/plugin-transform-computed-properties-7.8.3.tgz#96d0d28b7f7ce4eb5b120bb2e0e943343c86f81b"
    integrity sha1-ltDSi3985OtbEguy4OlDNDyG+Bs=
    dependencies:
      "@babel/helper-plugin-utils" "^7.8.3"
  
  "@babel/plugin-transform-destructuring@^7.9.5":
    version "7.9.5"
    resolved "https://artifacts.apple.com/api/npm/npm-private/@babel/plugin-transform-destructuring/-/plugin-transform-destructuring-7.9.5.tgz#72c97cf5f38604aea3abf3b935b0e17b1db76a50"
    integrity sha1-csl89fOGBK6jq/O5NbDhex23alA=
    dependencies:
      "@babel/helper-plugin-utils" "^7.8.3"
  
  "@babel/plugin-transform-dotall-regex@^7.4.4", "@babel/plugin-transform-dotall-regex@^7.8.3":
    version "7.8.3"
    resolved "https://artifacts.apple.com/api/npm/npm-private/@babel/plugin-transform-dotall-regex/-/plugin-transform-dotall-regex-7.8.3.tgz#c3c6ec5ee6125c6993c5cbca20dc8621a9ea7a6e"
    integrity sha1-w8bsXuYSXGmTxcvKINyGIanqem4=
    dependencies:
      "@babel/helper-create-regexp-features-plugin" "^7.8.3"
      "@babel/helper-plugin-utils" "^7.8.3"
  
  "@babel/plugin-transform-duplicate-keys@^7.8.3":
    version "7.8.3"
    resolved "https://artifacts.apple.com/api/npm/npm-private/@babel/plugin-transform-duplicate-keys/-/plugin-transform-duplicate-keys-7.8.3.tgz#8d12df309aa537f272899c565ea1768e286e21f1"
    integrity sha1-jRLfMJqlN/JyiZxWXqF2jihuIfE=
    dependencies:
      "@babel/helper-plugin-utils" "^7.8.3"
  
  "@babel/plugin-transform-exponentiation-operator@^7.8.3":
    version "7.8.3"
    resolved "https://artifacts.apple.com/api/npm/npm-private/@babel/plugin-transform-exponentiation-operator/-/plugin-transform-exponentiation-operator-7.8.3.tgz#581a6d7f56970e06bf51560cd64f5e947b70d7b7"
    integrity sha1-WBptf1aXDga/UVYM1k9elHtw17c=
    dependencies:
      "@babel/helper-builder-binary-assignment-operator-visitor" "^7.8.3"
      "@babel/helper-plugin-utils" "^7.8.3"
  
  "@babel/plugin-transform-for-of@^7.9.0":
    version "7.9.0"
    resolved "https://artifacts.apple.com/api/npm/npm-private/@babel/plugin-transform-for-of/-/plugin-transform-for-of-7.9.0.tgz#0f260e27d3e29cd1bb3128da5e76c761aa6c108e"
    integrity sha1-DyYOJ9PinNG7MSjaXnbHYapsEI4=
    dependencies:
      "@babel/helper-plugin-utils" "^7.8.3"
  
  "@babel/plugin-transform-function-name@^7.8.3":
    version "7.8.3"
    resolved "https://artifacts.apple.com/api/npm/npm-private/@babel/plugin-transform-function-name/-/plugin-transform-function-name-7.8.3.tgz#279373cb27322aaad67c2683e776dfc47196ed8b"
    integrity sha1-J5NzyycyKqrWfCaD53bfxHGW7Ys=
    dependencies:
      "@babel/helper-function-name" "^7.8.3"
      "@babel/helper-plugin-utils" "^7.8.3"
  
  "@babel/plugin-transform-literals@^7.8.3":
    version "7.8.3"
    resolved "https://artifacts.apple.com/api/npm/npm-private/@babel/plugin-transform-literals/-/plugin-transform-literals-7.8.3.tgz#aef239823d91994ec7b68e55193525d76dbd5dc1"
    integrity sha1-rvI5gj2RmU7Hto5VGTUl1229XcE=
    dependencies:
      "@babel/helper-plugin-utils" "^7.8.3"
  
  "@babel/plugin-transform-member-expression-literals@^7.8.3":
    version "7.8.3"
    resolved "https://artifacts.apple.com/api/npm/npm-private/@babel/plugin-transform-member-expression-literals/-/plugin-transform-member-expression-literals-7.8.3.tgz#963fed4b620ac7cbf6029c755424029fa3a40410"
    integrity sha1-lj/tS2IKx8v2Apx1VCQCn6OkBBA=
    dependencies:
      "@babel/helper-plugin-utils" "^7.8.3"
  
  "@babel/plugin-transform-modules-amd@^7.9.6":
    version "7.9.6"
    resolved "https://artifacts.apple.com/api/npm/npm-private/@babel/plugin-transform-modules-amd/-/plugin-transform-modules-amd-7.9.6.tgz#8539ec42c153d12ea3836e0e3ac30d5aae7b258e"
    integrity sha1-hTnsQsFT0S6jg24OOsMNWq57JY4=
    dependencies:
      "@babel/helper-module-transforms" "^7.9.0"
      "@babel/helper-plugin-utils" "^7.8.3"
      babel-plugin-dynamic-import-node "^2.3.3"
  
  "@babel/plugin-transform-modules-commonjs@^7.9.6":
    version "7.9.6"
    resolved "https://artifacts.apple.com/api/npm/npm-private/@babel/plugin-transform-modules-commonjs/-/plugin-transform-modules-commonjs-7.9.6.tgz#64b7474a4279ee588cacd1906695ca721687c277"
    integrity sha1-ZLdHSkJ57liMrNGQZpXKchaHwnc=
    dependencies:
      "@babel/helper-module-transforms" "^7.9.0"
      "@babel/helper-plugin-utils" "^7.8.3"
      "@babel/helper-simple-access" "^7.8.3"
      babel-plugin-dynamic-import-node "^2.3.3"
  
  "@babel/plugin-transform-modules-systemjs@^7.9.6":
    version "7.9.6"
    resolved "https://artifacts.apple.com/api/npm/npm-private/@babel/plugin-transform-modules-systemjs/-/plugin-transform-modules-systemjs-7.9.6.tgz#207f1461c78a231d5337a92140e52422510d81a4"
    integrity sha1-IH8UYceKIx1TN6khQOUkIlENgaQ=
    dependencies:
      "@babel/helper-hoist-variables" "^7.8.3"
      "@babel/helper-module-transforms" "^7.9.0"
      "@babel/helper-plugin-utils" "^7.8.3"
      babel-plugin-dynamic-import-node "^2.3.3"
  
  "@babel/plugin-transform-modules-umd@^7.9.0":
    version "7.9.0"
    resolved "https://artifacts.apple.com/api/npm/npm-private/@babel/plugin-transform-modules-umd/-/plugin-transform-modules-umd-7.9.0.tgz#e909acae276fec280f9b821a5f38e1f08b480697"
    integrity sha1-6Qmsridv7CgPm4IaXzjh8ItIBpc=
    dependencies:
      "@babel/helper-module-transforms" "^7.9.0"
      "@babel/helper-plugin-utils" "^7.8.3"
  
  "@babel/plugin-transform-named-capturing-groups-regex@^7.8.3":
    version "7.8.3"
    resolved "https://artifacts.apple.com/api/npm/npm-private/@babel/plugin-transform-named-capturing-groups-regex/-/plugin-transform-named-capturing-groups-regex-7.8.3.tgz#a2a72bffa202ac0e2d0506afd0939c5ecbc48c6c"
    integrity sha1-oqcr/6ICrA4tBQav0JOcXsvEjGw=
    dependencies:
      "@babel/helper-create-regexp-features-plugin" "^7.8.3"
  
  "@babel/plugin-transform-new-target@^7.8.3":
    version "7.8.3"
    resolved "https://artifacts.apple.com/api/npm/npm-private/@babel/plugin-transform-new-target/-/plugin-transform-new-target-7.8.3.tgz#60cc2ae66d85c95ab540eb34babb6434d4c70c43"
    integrity sha1-YMwq5m2FyVq1QOs0urtkNNTHDEM=
    dependencies:
      "@babel/helper-plugin-utils" "^7.8.3"
  
  "@babel/plugin-transform-object-super@^7.8.3":
    version "7.8.3"
    resolved "https://artifacts.apple.com/api/npm/npm-private/@babel/plugin-transform-object-super/-/plugin-transform-object-super-7.8.3.tgz#ebb6a1e7a86ffa96858bd6ac0102d65944261725"
    integrity sha1-67ah56hv+paFi9asAQLWWUQmFyU=
    dependencies:
      "@babel/helper-plugin-utils" "^7.8.3"
      "@babel/helper-replace-supers" "^7.8.3"
  
  "@babel/plugin-transform-parameters@^7.9.5":
    version "7.9.5"
    resolved "https://artifacts.apple.com/api/npm/npm-private/@babel/plugin-transform-parameters/-/plugin-transform-parameters-7.9.5.tgz#173b265746f5e15b2afe527eeda65b73623a0795"
    integrity sha1-FzsmV0b14Vsq/lJ+7aZbc2I6B5U=
    dependencies:
      "@babel/helper-get-function-arity" "^7.8.3"
      "@babel/helper-plugin-utils" "^7.8.3"
  
  "@babel/plugin-transform-property-literals@^7.8.3":
    version "7.8.3"
    resolved "https://artifacts.apple.com/api/npm/npm-private/@babel/plugin-transform-property-literals/-/plugin-transform-property-literals-7.8.3.tgz#33194300d8539c1ed28c62ad5087ba3807b98263"
    integrity sha1-MxlDANhTnB7SjGKtUIe6OAe5gmM=
    dependencies:
      "@babel/helper-plugin-utils" "^7.8.3"
  
  "@babel/plugin-transform-react-display-name@^7.8.3":
    version "7.8.3"
    resolved "https://artifacts.apple.com/api/npm/npm-private/@babel/plugin-transform-react-display-name/-/plugin-transform-react-display-name-7.8.3.tgz#70ded987c91609f78353dd76d2fb2a0bb991e8e5"
    integrity sha1-cN7Zh8kWCfeDU9120vsqC7mR6OU=
    dependencies:
      "@babel/helper-plugin-utils" "^7.8.3"
  
  "@babel/plugin-transform-react-jsx-development@^7.9.0":
    version "7.9.0"
    resolved "https://artifacts.apple.com/api/npm/npm-private/@babel/plugin-transform-react-jsx-development/-/plugin-transform-react-jsx-development-7.9.0.tgz#3c2a130727caf00c2a293f0aed24520825dbf754"
    integrity sha1-PCoTByfK8AwqKT8K7SRSCCXb91Q=
    dependencies:
      "@babel/helper-builder-react-jsx-experimental" "^7.9.0"
      "@babel/helper-plugin-utils" "^7.8.3"
      "@babel/plugin-syntax-jsx" "^7.8.3"
  
  "@babel/plugin-transform-react-jsx-self@^7.9.0":
    version "7.9.0"
    resolved "https://artifacts.apple.com/api/npm/npm-private/@babel/plugin-transform-react-jsx-self/-/plugin-transform-react-jsx-self-7.9.0.tgz#f4f26a325820205239bb915bad8e06fcadabb49b"
    integrity sha1-9PJqMlggIFI5u5FbrY4G/K2rtJs=
    dependencies:
      "@babel/helper-plugin-utils" "^7.8.3"
      "@babel/plugin-syntax-jsx" "^7.8.3"
  
  "@babel/plugin-transform-react-jsx-source@^7.9.0":
    version "7.9.0"
    resolved "https://artifacts.apple.com/api/npm/npm-private/@babel/plugin-transform-react-jsx-source/-/plugin-transform-react-jsx-source-7.9.0.tgz#89ef93025240dd5d17d3122294a093e5e0183de0"
    integrity sha1-ie+TAlJA3V0X0xIilKCT5eAYPeA=
    dependencies:
      "@babel/helper-plugin-utils" "^7.8.3"
      "@babel/plugin-syntax-jsx" "^7.8.3"
  
  "@babel/plugin-transform-react-jsx@^7.9.4":
    version "7.9.4"
    resolved "https://artifacts.apple.com/api/npm/npm-private/@babel/plugin-transform-react-jsx/-/plugin-transform-react-jsx-7.9.4.tgz#86f576c8540bd06d0e95e0b61ea76d55f6cbd03f"
    integrity sha1-hvV2yFQL0G0OleC2HqdtVfbL0D8=
    dependencies:
      "@babel/helper-builder-react-jsx" "^7.9.0"
      "@babel/helper-builder-react-jsx-experimental" "^7.9.0"
      "@babel/helper-plugin-utils" "^7.8.3"
      "@babel/plugin-syntax-jsx" "^7.8.3"
  
  "@babel/plugin-transform-regenerator@^7.8.7":
    version "7.8.7"
    resolved "https://artifacts.apple.com/api/npm/npm-private/@babel/plugin-transform-regenerator/-/plugin-transform-regenerator-7.8.7.tgz#5e46a0dca2bee1ad8285eb0527e6abc9c37672f8"
    integrity sha1-Xkag3KK+4a2ChesFJ+arycN2cvg=
    dependencies:
      regenerator-transform "^0.14.2"
  
  "@babel/plugin-transform-reserved-words@^7.8.3":
    version "7.8.3"
    resolved "https://artifacts.apple.com/api/npm/npm-private/@babel/plugin-transform-reserved-words/-/plugin-transform-reserved-words-7.8.3.tgz#9a0635ac4e665d29b162837dd3cc50745dfdf1f5"
    integrity sha1-mgY1rE5mXSmxYoN908xQdF398fU=
    dependencies:
      "@babel/helper-plugin-utils" "^7.8.3"
  
  "@babel/plugin-transform-shorthand-properties@^7.8.3":
    version "7.8.3"
    resolved "https://artifacts.apple.com/api/npm/npm-private/@babel/plugin-transform-shorthand-properties/-/plugin-transform-shorthand-properties-7.8.3.tgz#28545216e023a832d4d3a1185ed492bcfeac08c8"
    integrity sha1-KFRSFuAjqDLU06EYXtSSvP6sCMg=
    dependencies:
      "@babel/helper-plugin-utils" "^7.8.3"
  
  "@babel/plugin-transform-spread@^7.8.3":
    version "7.8.3"
    resolved "https://artifacts.apple.com/api/npm/npm-private/@babel/plugin-transform-spread/-/plugin-transform-spread-7.8.3.tgz#9c8ffe8170fdfb88b114ecb920b82fb6e95fe5e8"
    integrity sha1-nI/+gXD9+4ixFOy5ILgvtulf5eg=
    dependencies:
      "@babel/helper-plugin-utils" "^7.8.3"
  
  "@babel/plugin-transform-sticky-regex@^7.8.3":
    version "7.8.3"
    resolved "https://artifacts.apple.com/api/npm/npm-private/@babel/plugin-transform-sticky-regex/-/plugin-transform-sticky-regex-7.8.3.tgz#be7a1290f81dae767475452199e1f76d6175b100"
    integrity sha1-vnoSkPgdrnZ0dUUhmeH3bWF1sQA=
    dependencies:
      "@babel/helper-plugin-utils" "^7.8.3"
      "@babel/helper-regex" "^7.8.3"
  
  "@babel/plugin-transform-template-literals@^7.8.3":
    version "7.8.3"
    resolved "https://artifacts.apple.com/api/npm/npm-private/@babel/plugin-transform-template-literals/-/plugin-transform-template-literals-7.8.3.tgz#7bfa4732b455ea6a43130adc0ba767ec0e402a80"
    integrity sha1-e/pHMrRV6mpDEwrcC6dn7A5AKoA=
    dependencies:
      "@babel/helper-annotate-as-pure" "^7.8.3"
      "@babel/helper-plugin-utils" "^7.8.3"
  
  "@babel/plugin-transform-typeof-symbol@^7.8.4":
    version "7.8.4"
    resolved "https://artifacts.apple.com/api/npm/npm-private/@babel/plugin-transform-typeof-symbol/-/plugin-transform-typeof-symbol-7.8.4.tgz#ede4062315ce0aaf8a657a920858f1a2f35fc412"
    integrity sha1-7eQGIxXOCq+KZXqSCFjxovNfxBI=
    dependencies:
      "@babel/helper-plugin-utils" "^7.8.3"
  
  "@babel/plugin-transform-unicode-regex@^7.8.3":
    version "7.8.3"
    resolved "https://artifacts.apple.com/api/npm/npm-private/@babel/plugin-transform-unicode-regex/-/plugin-transform-unicode-regex-7.8.3.tgz#0cef36e3ba73e5c57273effb182f46b91a1ecaad"
    integrity sha1-DO8247pz5cVyc+/7GC9GuRoeyq0=
    dependencies:
      "@babel/helper-create-regexp-features-plugin" "^7.8.3"
      "@babel/helper-plugin-utils" "^7.8.3"
  
  "@babel/preset-env@^7.9.6":
    version "7.9.6"
    resolved "https://artifacts.apple.com/api/npm/npm-private/@babel/preset-env/-/preset-env-7.9.6.tgz#df063b276c6455ec6fcfc6e53aacc38da9b0aea6"
    integrity sha1-3wY7J2xkVexvz8blOqzDjamwrqY=
    dependencies:
      "@babel/compat-data" "^7.9.6"
      "@babel/helper-compilation-targets" "^7.9.6"
      "@babel/helper-module-imports" "^7.8.3"
      "@babel/helper-plugin-utils" "^7.8.3"
      "@babel/plugin-proposal-async-generator-functions" "^7.8.3"
      "@babel/plugin-proposal-dynamic-import" "^7.8.3"
      "@babel/plugin-proposal-json-strings" "^7.8.3"
      "@babel/plugin-proposal-nullish-coalescing-operator" "^7.8.3"
      "@babel/plugin-proposal-numeric-separator" "^7.8.3"
      "@babel/plugin-proposal-object-rest-spread" "^7.9.6"
      "@babel/plugin-proposal-optional-catch-binding" "^7.8.3"
      "@babel/plugin-proposal-optional-chaining" "^7.9.0"
      "@babel/plugin-proposal-unicode-property-regex" "^7.8.3"
      "@babel/plugin-syntax-async-generators" "^7.8.0"
      "@babel/plugin-syntax-dynamic-import" "^7.8.0"
      "@babel/plugin-syntax-json-strings" "^7.8.0"
      "@babel/plugin-syntax-nullish-coalescing-operator" "^7.8.0"
      "@babel/plugin-syntax-numeric-separator" "^7.8.0"
      "@babel/plugin-syntax-object-rest-spread" "^7.8.0"
      "@babel/plugin-syntax-optional-catch-binding" "^7.8.0"
      "@babel/plugin-syntax-optional-chaining" "^7.8.0"
      "@babel/plugin-syntax-top-level-await" "^7.8.3"
      "@babel/plugin-transform-arrow-functions" "^7.8.3"
      "@babel/plugin-transform-async-to-generator" "^7.8.3"
      "@babel/plugin-transform-block-scoped-functions" "^7.8.3"
      "@babel/plugin-transform-block-scoping" "^7.8.3"
      "@babel/plugin-transform-classes" "^7.9.5"
      "@babel/plugin-transform-computed-properties" "^7.8.3"
      "@babel/plugin-transform-destructuring" "^7.9.5"
      "@babel/plugin-transform-dotall-regex" "^7.8.3"
      "@babel/plugin-transform-duplicate-keys" "^7.8.3"
      "@babel/plugin-transform-exponentiation-operator" "^7.8.3"
      "@babel/plugin-transform-for-of" "^7.9.0"
      "@babel/plugin-transform-function-name" "^7.8.3"
      "@babel/plugin-transform-literals" "^7.8.3"
      "@babel/plugin-transform-member-expression-literals" "^7.8.3"
      "@babel/plugin-transform-modules-amd" "^7.9.6"
      "@babel/plugin-transform-modules-commonjs" "^7.9.6"
      "@babel/plugin-transform-modules-systemjs" "^7.9.6"
      "@babel/plugin-transform-modules-umd" "^7.9.0"
      "@babel/plugin-transform-named-capturing-groups-regex" "^7.8.3"
      "@babel/plugin-transform-new-target" "^7.8.3"
      "@babel/plugin-transform-object-super" "^7.8.3"
      "@babel/plugin-transform-parameters" "^7.9.5"
      "@babel/plugin-transform-property-literals" "^7.8.3"
      "@babel/plugin-transform-regenerator" "^7.8.7"
      "@babel/plugin-transform-reserved-words" "^7.8.3"
      "@babel/plugin-transform-shorthand-properties" "^7.8.3"
      "@babel/plugin-transform-spread" "^7.8.3"
      "@babel/plugin-transform-sticky-regex" "^7.8.3"
      "@babel/plugin-transform-template-literals" "^7.8.3"
      "@babel/plugin-transform-typeof-symbol" "^7.8.4"
      "@babel/plugin-transform-unicode-regex" "^7.8.3"
      "@babel/preset-modules" "^0.1.3"
      "@babel/types" "^7.9.6"
      browserslist "^4.11.1"
      core-js-compat "^3.6.2"
      invariant "^2.2.2"
      levenary "^1.1.1"
      semver "^5.5.0"
  
  "@babel/preset-modules@^0.1.3":
    version "0.1.3"
    resolved "https://artifacts.apple.com/api/npm/npm-private/@babel/preset-modules/-/preset-modules-0.1.3.tgz#13242b53b5ef8c883c3cf7dddd55b36ce80fbc72"
    integrity sha1-EyQrU7XvjIg8PPfd3VWzbOgPvHI=
    dependencies:
      "@babel/helper-plugin-utils" "^7.0.0"
      "@babel/plugin-proposal-unicode-property-regex" "^7.4.4"
      "@babel/plugin-transform-dotall-regex" "^7.4.4"
      "@babel/types" "^7.4.4"
      esutils "^2.0.2"
  
  "@babel/preset-react@^7.9.4":
    version "7.9.4"
    resolved "https://artifacts.apple.com/api/npm/npm-private/@babel/preset-react/-/preset-react-7.9.4.tgz#c6c97693ac65b6b9c0b4f25b948a8f665463014d"
    integrity sha1-xsl2k6xltrnAtPJblIqPZlRjAU0=
    dependencies:
      "@babel/helper-plugin-utils" "^7.8.3"
      "@babel/plugin-transform-react-display-name" "^7.8.3"
      "@babel/plugin-transform-react-jsx" "^7.9.4"
      "@babel/plugin-transform-react-jsx-development" "^7.9.0"
      "@babel/plugin-transform-react-jsx-self" "^7.9.0"
      "@babel/plugin-transform-react-jsx-source" "^7.9.0"
  
  "@babel/runtime@^7.8.4":
    version "7.9.6"
    resolved "https://artifacts.apple.com/api/npm/npm-private/@babel/runtime/-/runtime-7.9.6.tgz#a9102eb5cadedf3f31d08a9ecf294af7827ea29f"
    integrity sha1-qRAutcre3z8x0IqezylK94J+op8=
    dependencies:
      regenerator-runtime "^0.13.4"
  
  "@babel/template@^7.8.3", "@babel/template@^7.8.6":
    version "7.8.6"
    resolved "https://artifacts.apple.com/api/npm/npm-private/@babel/template/-/template-7.8.6.tgz#86b22af15f828dfb086474f964dcc3e39c43ce2b"
    integrity sha1-hrIq8V+CjfsIZHT5ZNzD45xDzis=
    dependencies:
      "@babel/code-frame" "^7.8.3"
      "@babel/parser" "^7.8.6"
      "@babel/types" "^7.8.6"
  
  "@babel/traverse@^7.8.3", "@babel/traverse@^7.9.6":
    version "7.9.6"
    resolved "https://artifacts.apple.com/api/npm/npm-private/@babel/traverse/-/traverse-7.9.6.tgz#5540d7577697bf619cc57b92aa0f1c231a94f442"
    integrity sha1-VUDXV3aXv2GcxXuSqg8cIxqU9EI=
    dependencies:
      "@babel/code-frame" "^7.8.3"
      "@babel/generator" "^7.9.6"
      "@babel/helper-function-name" "^7.9.5"
      "@babel/helper-split-export-declaration" "^7.8.3"
      "@babel/parser" "^7.9.6"
      "@babel/types" "^7.9.6"
      debug "^4.1.0"
      globals "^11.1.0"
      lodash "^4.17.13"
  
  "@babel/types@^7.4.4", "@babel/types@^7.8.3", "@babel/types@^7.8.6", "@babel/types@^7.9.0", "@babel/types@^7.9.5", "@babel/types@^7.9.6":
    version "7.9.6"
    resolved "https://artifacts.apple.com/api/npm/npm-private/@babel/types/-/types-7.9.6.tgz#2c5502b427251e9de1bd2dff95add646d95cc9f7"
    integrity sha1-LFUCtCclHp3hvS3/la3WRtlcyfc=
    dependencies:
      "@babel/helper-validator-identifier" "^7.9.5"
      lodash "^4.17.13"
      to-fast-properties "^2.0.0"
  
  ajv-keywords@^3.4.1:
    version "3.4.1"
    resolved "https://artifacts.apple.com/api/npm/npm-private/ajv-keywords/-/ajv-keywords-3.4.1.tgz#ef916e271c64ac12171fd8384eaae6b2345854da"
    integrity sha1-75FuJxxkrBIXH9g4TqrmsjRYVNo=
  
  ajv@^6.12.0:
    version "6.12.2"
    resolved "https://artifacts.apple.com/api/npm/npm-private/ajv/-/ajv-6.12.2.tgz#c629c5eced17baf314437918d2da88c99d5958cd"
    integrity sha1-xinF7O0XuvMUQ3kY0tqIyZ1ZWM0=
    dependencies:
      fast-deep-equal "^3.1.1"
      fast-json-stable-stringify "^2.0.0"
      json-schema-traverse "^0.4.1"
      uri-js "^4.2.2"
  
  ansi-styles@^3.2.1:
    version "3.2.1"
    resolved "https://artifacts.apple.com/api/npm/npm-private/ansi-styles/-/ansi-styles-3.2.1.tgz#41fbb20243e50b12be0f04b8dedbf07520ce841d"
    integrity sha1-QfuyAkPlCxK+DwS43tvwdSDOhB0=
    dependencies:
      color-convert "^1.9.0"
  
  babel-loader@^8.1.0:
    version "8.1.0"
    resolved "https://artifacts.apple.com/api/npm/npm-private/babel-loader/-/babel-loader-8.1.0.tgz#c611d5112bd5209abe8b9fa84c3e4da25275f1c3"
    integrity sha1-xhHVESvVIJq+i5+oTD5NolJ18cM=
    dependencies:
      find-cache-dir "^2.1.0"
      loader-utils "^1.4.0"
      mkdirp "^0.5.3"
      pify "^4.0.1"
      schema-utils "^2.6.5"
  
  babel-plugin-dynamic-import-node@^2.3.3:
    version "2.3.3"
    resolved "https://artifacts.apple.com/api/npm/npm-private/babel-plugin-dynamic-import-node/-/babel-plugin-dynamic-import-node-2.3.3.tgz#84fda19c976ec5c6defef57f9427b3def66e17a3"
    integrity sha1-hP2hnJduxcbe/vV/lCez3vZuF6M=
    dependencies:
      object.assign "^4.1.0"
  
  big.js@^5.2.2:
    version "5.2.2"
    resolved "https://artifacts.apple.com/api/npm/npm-private/big.js/-/big.js-5.2.2.tgz#65f0af382f578bcdc742bd9c281e9cb2d7768328"
    integrity sha1-ZfCvOC9Xi83HQr2cKB6cstd2gyg=
  
  browserslist@^4.11.1, browserslist@^4.8.5:
    version "4.12.0"
    resolved "https://artifacts.apple.com/api/npm/npm-private/browserslist/-/browserslist-4.12.0.tgz#06c6d5715a1ede6c51fc39ff67fd647f740b656d"
    integrity sha1-BsbVcVoe3mxR/Dn/Z/1kf3QLZW0=
    dependencies:
      caniuse-lite "^1.0.30001043"
      electron-to-chromium "^1.3.413"
      node-releases "^1.1.53"
      pkg-up "^2.0.0"
  
  caniuse-lite@^1.0.30001043:
    version "1.0.30001059"
    resolved "https://artifacts.apple.com/api/npm/npm-private/caniuse-lite/-/caniuse-lite-1.0.30001059.tgz#7bff0613d94b6ea41cb5c864c966d340f8ae6d34"
    integrity sha1-e/8GE9lLbqQctchkyWbTQPiubTQ=
  
  chalk@^2.0.0:
    version "2.4.2"
    resolved "https://artifacts.apple.com/api/npm/npm-private/chalk/-/chalk-2.4.2.tgz#cd42541677a54333cf541a49108c1432b44c9424"
    integrity sha1-zUJUFnelQzPPVBpJEIwUMrRMlCQ=
    dependencies:
      ansi-styles "^3.2.1"
      escape-string-regexp "^1.0.5"
      supports-color "^5.3.0"
  
  color-convert@^1.9.0:
    version "1.9.3"
    resolved "https://artifacts.apple.com/api/npm/npm-private/color-convert/-/color-convert-1.9.3.tgz#bb71850690e1f136567de629d2d5471deda4c1e8"
    integrity sha1-u3GFBpDh8TZWfeYp0tVHHe2kweg=
    dependencies:
      color-name "1.1.3"
  
  color-name@1.1.3:
    version "1.1.3"
    resolved "https://artifacts.apple.com/api/npm/npm-private/color-name/-/color-name-1.1.3.tgz#a7d0558bd89c42f795dd42328f740831ca53bc25"
    integrity sha1-p9BVi9icQveV3UIyj3QIMcpTvCU=
  
  commondir@^1.0.1:
    version "1.0.1"
    resolved "https://artifacts.apple.com/api/npm/npm-private/commondir/-/commondir-1.0.1.tgz#ddd800da0c66127393cca5950ea968a3aaf1253b"
    integrity sha1-3dgA2gxmEnOTzKWVDqloo6rxJTs=
  
  convert-source-map@^1.7.0:
    version "1.7.0"
    resolved "https://artifacts.apple.com/api/npm/npm-private/convert-source-map/-/convert-source-map-1.7.0.tgz#17a2cb882d7f77d3490585e2ce6c524424a3a442"
    integrity sha1-F6LLiC1/d9NJBYXizmxSRCSjpEI=
    dependencies:
      safe-buffer "~5.1.1"
  
  core-js-compat@^3.6.2:
    version "3.6.5"
    resolved "https://artifacts.apple.com/api/npm/npm-private/core-js-compat/-/core-js-compat-3.6.5.tgz#2a51d9a4e25dfd6e690251aa81f99e3c05481f1c"
    integrity sha1-KlHZpOJd/W5pAlGqgfmePAVIHxw=
    dependencies:
      browserslist "^4.8.5"
      semver "7.0.0"
  
  debug@^4.1.0:
    version "4.1.1"
    resolved "https://artifacts.apple.com/api/npm/npm-private/debug/-/debug-4.1.1.tgz#3b72260255109c6b589cee050f1d516139664791"
    integrity sha1-O3ImAlUQnGtYnO4FDx1RYTlmR5E=
    dependencies:
      ms "^2.1.1"
  
  define-properties@^1.1.2:
    version "1.1.3"
    resolved "https://artifacts.apple.com/api/npm/npm-private/define-properties/-/define-properties-1.1.3.tgz#cf88da6cbee26fe6db7094f61d870cbd84cee9f1"
    integrity sha1-z4jabL7ib+bbcJT2HYcMvYTO6fE=
    dependencies:
      object-keys "^1.0.12"
  
  electron-to-chromium@^1.3.413:
    version "1.3.438"
    resolved "https://artifacts.apple.com/api/npm/npm-private/electron-to-chromium/-/electron-to-chromium-1.3.438.tgz#56051a9b148842fec813b113e8070ae892a85920"
    integrity sha1-VgUamxSIQv7IE7ET6AcK6JKoWSA=
  
  emojis-list@^3.0.0:
    version "3.0.0"
    resolved "https://artifacts.apple.com/api/npm/npm-private/emojis-list/-/emojis-list-3.0.0.tgz#5570662046ad29e2e916e71aae260abdff4f6a78"
    integrity sha1-VXBmIEatKeLpFucariYKvf9Pang=
  
  escape-string-regexp@^1.0.5:
    version "1.0.5"
    resolved "https://artifacts.apple.com/api/npm/npm-private/escape-string-regexp/-/escape-string-regexp-1.0.5.tgz#1b61c0562190a8dff6ae3bb2cf0200ca130b86d4"
    integrity sha1-G2HAViGQqN/2rjuyzwIAyhMLhtQ=
  
  esutils@^2.0.2:
    version "2.0.3"
    resolved "https://artifacts.apple.com/api/npm/npm-private/esutils/-/esutils-2.0.3.tgz#74d2eb4de0b8da1293711910d50775b9b710ef64"
    integrity sha1-dNLrTeC42hKTcRkQ1Qd1ubcQ72Q=
  
  fast-deep-equal@^3.1.1:
    version "3.1.1"
    resolved "https://artifacts.apple.com/api/npm/npm-private/fast-deep-equal/-/fast-deep-equal-3.1.1.tgz#545145077c501491e33b15ec408c294376e94ae4"
    integrity sha1-VFFFB3xQFJHjOxXsQIwpQ3bpSuQ=
  
  fast-json-stable-stringify@^2.0.0:
    version "2.1.0"
    resolved "https://artifacts.apple.com/api/npm/npm-private/fast-json-stable-stringify/-/fast-json-stable-stringify-2.1.0.tgz#874bf69c6f404c2b5d99c481341399fd55892633"
    integrity sha1-h0v2nG9ATCtdmcSBNBOZ/VWJJjM=
  
  find-cache-dir@^2.1.0:
    version "2.1.0"
    resolved "https://artifacts.apple.com/api/npm/npm-private/find-cache-dir/-/find-cache-dir-2.1.0.tgz#8d0f94cd13fe43c6c7c261a0d86115ca918c05f7"
    integrity sha1-jQ+UzRP+Q8bHwmGg2GEVypGMBfc=
    dependencies:
      commondir "^1.0.1"
      make-dir "^2.0.0"
      pkg-dir "^3.0.0"
  
  find-up@^2.1.0:
    version "2.1.0"
    resolved "https://artifacts.apple.com/api/npm/npm-private/find-up/-/find-up-2.1.0.tgz#45d1b7e506c717ddd482775a2b77920a3c0c57a7"
    integrity sha1-RdG35QbHF93UgndaK3eSCjwMV6c=
    dependencies:
      locate-path "^2.0.0"
  
  find-up@^3.0.0:
    version "3.0.0"
    resolved "https://artifacts.apple.com/api/npm/npm-private/find-up/-/find-up-3.0.0.tgz#49169f1d7993430646da61ecc5ae355c21c97b73"
    integrity sha1-SRafHXmTQwZG2mHsxa41XCHJe3M=
    dependencies:
      locate-path "^3.0.0"
  
  function-bind@^1.1.1:
    version "1.1.1"
    resolved "https://artifacts.apple.com/api/npm/npm-private/function-bind/-/function-bind-1.1.1.tgz#a56899d3ea3c9bab874bb9773b7c5ede92f4895d"
    integrity sha1-pWiZ0+o8m6uHS7l3O3xe3pL0iV0=
  
  gensync@^1.0.0-beta.1:
    version "1.0.0-beta.1"
    resolved "https://artifacts.apple.com/api/npm/npm-private/gensync/-/gensync-1.0.0-beta.1.tgz#58f4361ff987e5ff6e1e7a210827aa371eaac269"
    integrity sha1-WPQ2H/mH5f9uHnohCCeqNx6qwmk=
  
  globals@^11.1.0:
    version "11.12.0"
    resolved "https://artifacts.apple.com/api/npm/npm-private/globals/-/globals-11.12.0.tgz#ab8795338868a0babd8525758018c2a7eb95c42e"
    integrity sha1-q4eVM4hooLq9hSV1gBjCp+uVxC4=
  
  has-flag@^3.0.0:
    version "3.0.0"
    resolved "https://artifacts.apple.com/api/npm/npm-private/has-flag/-/has-flag-3.0.0.tgz#b5d454dc2199ae225699f3467e5a07f3b955bafd"
    integrity sha1-tdRU3CGZriJWmfNGfloH87lVuv0=
  
  has-symbols@^1.0.0:
    version "1.0.1"
    resolved "https://artifacts.apple.com/api/npm/npm-private/has-symbols/-/has-symbols-1.0.1.tgz#9f5214758a44196c406d9bd76cebf81ec2dd31e8"
    integrity sha1-n1IUdYpEGWxAbZvXbOv4HsLdMeg=
  
  invariant@^2.2.2, invariant@^2.2.4:
    version "2.2.4"
    resolved "https://artifacts.apple.com/api/npm/npm-private/invariant/-/invariant-2.2.4.tgz#610f3c92c9359ce1db616e538008d23ff35158e6"
    integrity sha1-YQ88ksk1nOHbYW5TgAjSP/NRWOY=
    dependencies:
      loose-envify "^1.0.0"
  
  "js-tokens@^3.0.0 || ^4.0.0", js-tokens@^4.0.0:
    version "4.0.0"
    resolved "https://artifacts.apple.com/api/npm/npm-private/js-tokens/-/js-tokens-4.0.0.tgz#19203fb59991df98e3a287050d4647cdeaf32499"
    integrity sha1-GSA/tZmR35jjoocFDUZHzerzJJk=
  
  jsesc@^2.5.1:
    version "2.5.2"
    resolved "https://artifacts.apple.com/api/npm/npm-private/jsesc/-/jsesc-2.5.2.tgz#80564d2e483dacf6e8ef209650a67df3f0c283a4"
    integrity sha1-gFZNLkg9rPbo7yCWUKZ98/DCg6Q=
  
  jsesc@~0.5.0:
    version "0.5.0"
    resolved "https://artifacts.apple.com/api/npm/npm-private/jsesc/-/jsesc-0.5.0.tgz#e7dee66e35d6fc16f710fe91d5cf69f70f08911d"
    integrity sha1-597mbjXW/Bb3EP6R1c9p9w8IkR0=
  
  json-schema-traverse@^0.4.1:
    version "0.4.1"
    resolved "https://artifacts.apple.com/api/npm/npm-private/json-schema-traverse/-/json-schema-traverse-0.4.1.tgz#69f6a87d9513ab8bb8fe63bdb0979c448e684660"
    integrity sha1-afaofZUTq4u4/mO9sJecRI5oRmA=
  
  json5@^1.0.1:
    version "1.0.1"
    resolved "https://artifacts.apple.com/api/npm/npm-private/json5/-/json5-1.0.1.tgz#779fb0018604fa854eacbf6252180d83543e3dbe"
    integrity sha1-d5+wAYYE+oVOrL9iUhgNg1Q+Pb4=
    dependencies:
      minimist "^1.2.0"
  
  json5@^2.1.2:
    version "2.1.3"
    resolved "https://artifacts.apple.com/api/npm/npm-private/json5/-/json5-2.1.3.tgz#c9b0f7fa9233bfe5807fe66fcf3a5617ed597d43"
    integrity sha1-ybD3+pIzv+WAf+ZvzzpWF+1ZfUM=
    dependencies:
      minimist "^1.2.5"
  
  leven@^3.1.0:
    version "3.1.0"
    resolved "https://artifacts.apple.com/api/npm/npm-private/leven/-/leven-3.1.0.tgz#77891de834064cccba82ae7842bb6b14a13ed7f2"
    integrity sha1-d4kd6DQGTMy6gq54QrtrFKE+1/I=
  
  levenary@^1.1.1:
    version "1.1.1"
    resolved "https://artifacts.apple.com/api/npm/npm-private/levenary/-/levenary-1.1.1.tgz#842a9ee98d2075aa7faeedbe32679e9205f46f77"
    integrity sha1-hCqe6Y0gdap/ru2+MmeekgX0b3c=
    dependencies:
      leven "^3.1.0"
  
  loader-utils@^1.4.0:
    version "1.4.0"
    resolved "https://artifacts.apple.com/api/npm/npm-private/loader-utils/-/loader-utils-1.4.0.tgz#c579b5e34cb34b1a74edc6c1fb36bfa371d5a613"
    integrity sha1-xXm140yzSxp07cbB+za/o3HVphM=
    dependencies:
      big.js "^5.2.2"
      emojis-list "^3.0.0"
      json5 "^1.0.1"
  
  locate-path@^2.0.0:
    version "2.0.0"
    resolved "https://artifacts.apple.com/api/npm/npm-private/locate-path/-/locate-path-2.0.0.tgz#2b568b265eec944c6d9c0de9c3dbbbca0354cd8e"
    integrity sha1-K1aLJl7slExtnA3pw9u7ygNUzY4=
    dependencies:
      p-locate "^2.0.0"
      path-exists "^3.0.0"
  
  locate-path@^3.0.0:
    version "3.0.0"
    resolved "https://artifacts.apple.com/api/npm/npm-private/locate-path/-/locate-path-3.0.0.tgz#dbec3b3ab759758071b58fe59fc41871af21400e"
    integrity sha1-2+w7OrdZdYBxtY/ln8QYca8hQA4=
    dependencies:
      p-locate "^3.0.0"
      path-exists "^3.0.0"
  
  lodash@^4.17.13:
    version "4.17.15"
    resolved "https://artifacts.apple.com/api/npm/npm-private/lodash/-/lodash-4.17.15.tgz#b447f6670a0455bbfeedd11392eff330ea097548"
    integrity sha1-tEf2ZwoEVbv+7dETku/zMOoJdUg=
  
  loose-envify@^1.0.0, loose-envify@^1.1.0, loose-envify@^1.4.0:
    version "1.4.0"
    resolved "https://artifacts.apple.com/api/npm/npm-private/loose-envify/-/loose-envify-1.4.0.tgz#71ee51fa7be4caec1a63839f7e682d8132d30caf"
    integrity sha1-ce5R+nvkyuwaY4OffmgtgTLTDK8=
    dependencies:
      js-tokens "^3.0.0 || ^4.0.0"
  
  make-dir@^2.0.0:
    version "2.1.0"
    resolved "https://artifacts.apple.com/api/npm/npm-private/make-dir/-/make-dir-2.1.0.tgz#5f0310e18b8be898cc07009295a30ae41e91e6f5"
    integrity sha1-XwMQ4YuL6JjMBwCSlaMK5B6R5vU=
    dependencies:
      pify "^4.0.1"
      semver "^5.6.0"
  
  minimist@^1.2.0, minimist@^1.2.5:
    version "1.2.5"
    resolved "https://artifacts.apple.com/api/npm/npm-private/minimist/-/minimist-1.2.5.tgz#67d66014b66a6a8aaa0c083c5fd58df4e4e97602"
    integrity sha1-Z9ZgFLZqaoqqDAg8X9WN9OTpdgI=
  
  mkdirp@^0.5.3:
    version "0.5.5"
    resolved "https://artifacts.apple.com/api/npm/npm-private/mkdirp/-/mkdirp-0.5.5.tgz#d91cefd62d1436ca0f41620e251288d420099def"
    integrity sha1-2Rzv1i0UNsoPQWIOJRKI1CAJne8=
    dependencies:
      minimist "^1.2.5"
  
  ms@^2.1.1:
    version "2.1.2"
    resolved "https://artifacts.apple.com/api/npm/npm-private/ms/-/ms-2.1.2.tgz#d09d1f357b443f493382a8eb3ccd183872ae6009"
    integrity sha1-0J0fNXtEP0kzgqjrPM0YOHKuYAk=
  
  node-releases@^1.1.53:
    version "1.1.55"
    resolved "https://artifacts.apple.com/api/npm/npm-private/node-releases/-/node-releases-1.1.55.tgz#8af23b7c561d8e2e6e36a46637bab84633b07cee"
    integrity sha1-ivI7fFYdji5uNqRmN7q4RjOwfO4=
  
  object-assign@^4.1.1:
    version "4.1.1"
    resolved "https://artifacts.apple.com/api/npm/npm-private/object-assign/-/object-assign-4.1.1.tgz#2109adc7965887cfc05cbbd442cac8bfbb360863"
    integrity sha1-IQmtx5ZYh8/AXLvUQsrIv7s2CGM=
  
  object-keys@^1.0.11, object-keys@^1.0.12:
    version "1.1.1"
    resolved "https://artifacts.apple.com/api/npm/npm-private/object-keys/-/object-keys-1.1.1.tgz#1c47f272df277f3b1daf061677d9c82e2322c60e"
    integrity sha1-HEfyct8nfzsdrwYWd9nILiMixg4=
  
  object.assign@^4.1.0:
    version "4.1.0"
    resolved "https://artifacts.apple.com/api/npm/npm-private/object.assign/-/object.assign-4.1.0.tgz#968bf1100d7956bb3ca086f006f846b3bc4008da"
    integrity sha1-lovxEA15Vrs8oIbwBvhGs7xACNo=
    dependencies:
      define-properties "^1.1.2"
      function-bind "^1.1.1"
      has-symbols "^1.0.0"
      object-keys "^1.0.11"
  
  p-limit@^1.1.0:
    version "1.3.0"
    resolved "https://artifacts.apple.com/api/npm/npm-private/p-limit/-/p-limit-1.3.0.tgz#b86bd5f0c25690911c7590fcbfc2010d54b3ccb8"
    integrity sha1-uGvV8MJWkJEcdZD8v8IBDVSzzLg=
    dependencies:
      p-try "^1.0.0"
  
  p-limit@^2.0.0:
    version "2.3.0"
    resolved "https://artifacts.apple.com/api/npm/npm-private/p-limit/-/p-limit-2.3.0.tgz#3dd33c647a214fdfffd835933eb086da0dc21db1"
    integrity sha1-PdM8ZHohT9//2DWTPrCG2g3CHbE=
    dependencies:
      p-try "^2.0.0"
  
  p-locate@^2.0.0:
    version "2.0.0"
    resolved "https://artifacts.apple.com/api/npm/npm-private/p-locate/-/p-locate-2.0.0.tgz#20a0103b222a70c8fd39cc2e580680f3dde5ec43"
    integrity sha1-IKAQOyIqcMj9OcwuWAaA893l7EM=
    dependencies:
      p-limit "^1.1.0"
  
  p-locate@^3.0.0:
    version "3.0.0"
    resolved "https://artifacts.apple.com/api/npm/npm-private/p-locate/-/p-locate-3.0.0.tgz#322d69a05c0264b25997d9f40cd8a891ab0064a4"
    integrity sha1-Mi1poFwCZLJZl9n0DNiokasAZKQ=
    dependencies:
      p-limit "^2.0.0"
  
  p-try@^1.0.0:
    version "1.0.0"
    resolved "https://artifacts.apple.com/api/npm/npm-private/p-try/-/p-try-1.0.0.tgz#cbc79cdbaf8fd4228e13f621f2b1a237c1b207b3"
    integrity sha1-y8ec26+P1CKOE/Yh8rGiN8GyB7M=
  
  p-try@^2.0.0:
    version "2.2.0"
    resolved "https://artifacts.apple.com/api/npm/npm-private/p-try/-/p-try-2.2.0.tgz#cb2868540e313d61de58fafbe35ce9004d5540e6"
    integrity sha1-yyhoVA4xPWHeWPr741zpAE1VQOY=
  
  path-exists@^3.0.0:
    version "3.0.0"
    resolved "https://artifacts.apple.com/api/npm/npm-private/path-exists/-/path-exists-3.0.0.tgz#ce0ebeaa5f78cb18925ea7d810d7b59b010fd515"
    integrity sha1-zg6+ql94yxiSXqfYENe1mwEP1RU=
  
  path-parse@^1.0.6:
    version "1.0.6"
    resolved "https://artifacts.apple.com/api/npm/npm-private/path-parse/-/path-parse-1.0.6.tgz#d62dbb5679405d72c4737ec58600e9ddcf06d24c"
    integrity sha1-1i27VnlAXXLEc37FhgDp3c8G0kw=
  
  pify@^4.0.1:
    version "4.0.1"
    resolved "https://artifacts.apple.com/api/npm/npm-private/pify/-/pify-4.0.1.tgz#4b2cd25c50d598735c50292224fd8c6df41e3231"
    integrity sha1-SyzSXFDVmHNcUCkiJP2MbfQeMjE=
  
  pkg-dir@^3.0.0:
    version "3.0.0"
    resolved "https://artifacts.apple.com/api/npm/npm-private/pkg-dir/-/pkg-dir-3.0.0.tgz#2749020f239ed990881b1f71210d51eb6523bea3"
    integrity sha1-J0kCDyOe2ZCIGx9xIQ1R62UjvqM=
    dependencies:
      find-up "^3.0.0"
  
  pkg-up@^2.0.0:
    version "2.0.0"
    resolved "https://artifacts.apple.com/api/npm/npm-private/pkg-up/-/pkg-up-2.0.0.tgz#c819ac728059a461cab1c3889a2be3c49a004d7f"
    integrity sha1-yBmscoBZpGHKscOImivjxJoATX8=
    dependencies:
      find-up "^2.1.0"
  
  private@^0.1.8:
    version "0.1.8"
    resolved "https://artifacts.apple.com/api/npm/npm-private/private/-/private-0.1.8.tgz#2381edb3689f7a53d653190060fcf822d2f368ff"
    integrity sha1-I4Hts2ifelPWUxkAYPz4ItLzaP8=
  
  prop-types@^15.6.2, prop-types@^15.7.2:
    version "15.7.2"
    resolved "https://artifacts.apple.com/api/npm/npm-private/prop-types/-/prop-types-15.7.2.tgz#52c41e75b8c87e72b9d9360e0206b99dcbffa6c5"
    integrity sha1-UsQedbjIfnK52TYOAga5ncv/psU=
    dependencies:
      loose-envify "^1.4.0"
      object-assign "^4.1.1"
      react-is "^16.8.1"
  
  punycode@^2.1.0:
    version "2.1.1"
    resolved "https://artifacts.apple.com/api/npm/npm-private/punycode/-/punycode-2.1.1.tgz#b58b010ac40c22c5657616c8d2c2c02c7bf479ec"
    integrity sha1-tYsBCsQMIsVldhbI0sLALHv0eew=
  
  react-dom@^16.13.1:
    version "16.13.1"
    resolved "https://artifacts.apple.com/api/npm/npm-private/react-dom/-/react-dom-16.13.1.tgz#c1bd37331a0486c078ee54c4740720993b2e0e7f"
    integrity sha1-wb03MxoEhsB47lTEdAcgmTsuDn8=
    dependencies:
      loose-envify "^1.1.0"
      object-assign "^4.1.1"
      prop-types "^15.6.2"
      scheduler "^0.19.1"
  
  react-is@^16.8.1:
    version "16.13.1"
    resolved "https://artifacts.apple.com/api/npm/npm-private/react-is/-/react-is-16.13.1.tgz#789729a4dc36de2999dc156dd6c1d9c18cea56a4"
    integrity sha1-eJcppNw23imZ3BVt1sHZwYzqVqQ=
  
  react@^16.13.1:
    version "16.13.1"
    resolved "https://artifacts.apple.com/api/npm/npm-private/react/-/react-16.13.1.tgz#2e818822f1a9743122c063d6410d85c1e3afe48e"
    integrity sha1-LoGIIvGpdDEiwGPWQQ2FweOv5I4=
    dependencies:
      loose-envify "^1.1.0"
      object-assign "^4.1.1"
      prop-types "^15.6.2"
  
  regenerate-unicode-properties@^8.2.0:
    version "8.2.0"
    resolved "https://artifacts.apple.com/api/npm/npm-private/regenerate-unicode-properties/-/regenerate-unicode-properties-8.2.0.tgz#e5de7111d655e7ba60c057dbe9ff37c87e65cdec"
    integrity sha1-5d5xEdZV57pgwFfb6f83yH5lzew=
    dependencies:
      regenerate "^1.4.0"
  
  regenerate@^1.4.0:
    version "1.4.0"
    resolved "https://artifacts.apple.com/api/npm/npm-private/regenerate/-/regenerate-1.4.0.tgz#4a856ec4b56e4077c557589cae85e7a4c8869a11"
    integrity sha1-SoVuxLVuQHfFV1icroXnpMiGmhE=
  
  regenerator-runtime@^0.13.4:
    version "0.13.5"
    resolved "https://artifacts.apple.com/api/npm/npm-private/regenerator-runtime/-/regenerator-runtime-0.13.5.tgz#d878a1d094b4306d10b9096484b33ebd55e26697"
    integrity sha1-2Hih0JS0MG0QuQlkhLM+vVXiZpc=
  
  regenerator-transform@^0.14.2:
    version "0.14.4"
    resolved "https://artifacts.apple.com/api/npm/npm-private/regenerator-transform/-/regenerator-transform-0.14.4.tgz#5266857896518d1616a78a0479337a30ea974cc7"
    integrity sha1-UmaFeJZRjRYWp4oEeTN6MOqXTMc=
    dependencies:
      "@babel/runtime" "^7.8.4"
      private "^0.1.8"
  
  regexpu-core@^4.7.0:
    version "4.7.0"
    resolved "https://artifacts.apple.com/api/npm/npm-private/regexpu-core/-/regexpu-core-4.7.0.tgz#fcbf458c50431b0bb7b45d6967b8192d91f3d938"
    integrity sha1-/L9FjFBDGwu3tF1pZ7gZLZHz2Tg=
    dependencies:
      regenerate "^1.4.0"
      regenerate-unicode-properties "^8.2.0"
      regjsgen "^0.5.1"
      regjsparser "^0.6.4"
      unicode-match-property-ecmascript "^1.0.4"
      unicode-match-property-value-ecmascript "^1.2.0"
  
  regjsgen@^0.5.1:
    version "0.5.1"
    resolved "https://artifacts.apple.com/api/npm/npm-private/regjsgen/-/regjsgen-0.5.1.tgz#48f0bf1a5ea205196929c0d9798b42d1ed98443c"
    integrity sha1-SPC/Gl6iBRlpKcDZeYtC0e2YRDw=
  
  regjsparser@^0.6.4:
    version "0.6.4"
    resolved "https://artifacts.apple.com/api/npm/npm-private/regjsparser/-/regjsparser-0.6.4.tgz#a769f8684308401a66e9b529d2436ff4d0666272"
    integrity sha1-p2n4aEMIQBpm6bUp0kNv9NBmYnI=
    dependencies:
      jsesc "~0.5.0"
  
  resolve@^1.3.2:
    version "1.17.0"
    resolved "https://artifacts.apple.com/api/npm/npm-private/resolve/-/resolve-1.17.0.tgz#b25941b54968231cc2d1bb76a79cb7f2c0bf8444"
    integrity sha1-sllBtUloIxzC0bt2p5y38sC/hEQ=
    dependencies:
      path-parse "^1.0.6"
  
  safe-buffer@~5.1.1:
    version "5.1.2"
    resolved "https://artifacts.apple.com/api/npm/npm-private/safe-buffer/-/safe-buffer-5.1.2.tgz#991ec69d296e0313747d59bdfd2b745c35f8828d"
    integrity sha1-mR7GnSluAxN0fVm9/St0XDX4go0=
  
  scheduler@^0.19.1:
    version "0.19.1"
    resolved "https://artifacts.apple.com/api/npm/npm-private/scheduler/-/scheduler-0.19.1.tgz#4f3e2ed2c1a7d65681f4c854fa8c5a1ccb40f196"
    integrity sha1-Tz4u0sGn1laB9MhU+oxaHMtA8ZY=
    dependencies:
      loose-envify "^1.1.0"
      object-assign "^4.1.1"
  
  schema-utils@^2.6.5:
    version "2.6.6"
    resolved "https://artifacts.apple.com/api/npm/npm-private/schema-utils/-/schema-utils-2.6.6.tgz#299fe6bd4a3365dc23d99fd446caff8f1d6c330c"
    integrity sha1-KZ/mvUozZdwj2Z/URsr/jx1sMww=
    dependencies:
      ajv "^6.12.0"
      ajv-keywords "^3.4.1"
  
  semver@7.0.0:
    version "7.0.0"
    resolved "https://artifacts.apple.com/api/npm/npm-private/semver/-/semver-7.0.0.tgz#5f3ca35761e47e05b206c6daff2cf814f0316b8e"
    integrity sha1-XzyjV2HkfgWyBsba/yz4FPAxa44=
  
  semver@^5.4.1, semver@^5.5.0, semver@^5.6.0:
    version "5.7.1"
    resolved "https://artifacts.apple.com/api/npm/npm-private/semver/-/semver-5.7.1.tgz#a954f931aeba508d307bbf069eff0c01c96116f7"
    integrity sha1-qVT5Ma66UI0we78Gnv8MAclhFvc=
  
  source-map@^0.5.0:
    version "0.5.7"
    resolved "https://artifacts.apple.com/api/npm/npm-private/source-map/-/source-map-0.5.7.tgz#8a039d2d1021d22d1ea14c80d8ea468ba2ef3fcc"
    integrity sha1-igOdLRAh0i0eoUyA2OpGi6LvP8w=
  
  supports-color@^5.3.0:
    version "5.5.0"
    resolved "https://artifacts.apple.com/api/npm/npm-private/supports-color/-/supports-color-5.5.0.tgz#e2e69a44ac8772f78a1ec0b35b689df6530efc8f"
    integrity sha1-4uaaRKyHcveKHsCzW2id9lMO/I8=
    dependencies:
      has-flag "^3.0.0"
  
  to-fast-properties@^2.0.0:
    version "2.0.0"
    resolved "https://artifacts.apple.com/api/npm/npm-private/to-fast-properties/-/to-fast-properties-2.0.0.tgz#dc5e698cbd079265bc73e0377681a4e4e83f616e"
    integrity sha1-3F5pjL0HkmW8c+A3doGk5Og/YW4=
  
  unicode-canonical-property-names-ecmascript@^1.0.4:
    version "1.0.4"
    resolved "https://artifacts.apple.com/api/npm/npm-private/unicode-canonical-property-names-ecmascript/-/unicode-canonical-property-names-ecmascript-1.0.4.tgz#2619800c4c825800efdd8343af7dd9933cbe2818"
    integrity sha1-JhmADEyCWADv3YNDr33Zkzy+KBg=
  
  unicode-match-property-ecmascript@^1.0.4:
    version "1.0.4"
    resolved "https://artifacts.apple.com/api/npm/npm-private/unicode-match-property-ecmascript/-/unicode-match-property-ecmascript-1.0.4.tgz#8ed2a32569961bce9227d09cd3ffbb8fed5f020c"
    integrity sha1-jtKjJWmWG86SJ9Cc0/+7j+1fAgw=
    dependencies:
      unicode-canonical-property-names-ecmascript "^1.0.4"
      unicode-property-aliases-ecmascript "^1.0.4"
  
  unicode-match-property-value-ecmascript@^1.2.0:
    version "1.2.0"
    resolved "https://artifacts.apple.com/api/npm/npm-private/unicode-match-property-value-ecmascript/-/unicode-match-property-value-ecmascript-1.2.0.tgz#0d91f600eeeb3096aa962b1d6fc88876e64ea531"
    integrity sha1-DZH2AO7rMJaqlisdb8iIduZOpTE=
  
  unicode-property-aliases-ecmascript@^1.0.4:
    version "1.1.0"
    resolved "https://artifacts.apple.com/api/npm/npm-private/unicode-property-aliases-ecmascript/-/unicode-property-aliases-ecmascript-1.1.0.tgz#dd57a99f6207bedff4628abefb94c50db941c8f4"
    integrity sha1-3Vepn2IHvt/0Yoq++5TFDblByPQ=
  
  uri-js@^4.2.2:
    version "4.2.2"
    resolved "https://artifacts.apple.com/api/npm/npm-private/uri-js/-/uri-js-4.2.2.tgz#94c540e1ff772956e2299507c010aea6c8838eb0"
    integrity sha1-lMVA4f93KVbiKZUHwBCupsiDjrA=
    dependencies:
      punycode "^2.1.0"
